<?xml version="1.0" encoding="UTF-8"?>
<!-- Generated by org.testng.reporters.JUnitReportReporter -->
<testsuite hostname="LAPTOP-0C65J0UK" failures="0" tests="3" name="com.crm.qa.testdata.LoginPageTest" time="31.075" errors="0" timestamp="23 Sep 2018 19:59:31 GMT" skipped="0">
  <testcase classname="com.crm.qa.testdata.LoginPageTest" name="loginPageTitletest" time="11.093"/>
  <testcase classname="com.crm.qa.testdata.LoginPageTest" name="crmLogoImageTest" time="9.304"/>
  <testcase classname="com.crm.qa.testdata.LoginPageTest" name="loginTest" time="10.678"/>
</testsuite> <!-- com.crm.qa.testdata.LoginPageTest -->
