<?xml version="1.0" encoding="UTF-8"?>
<!-- Generated by org.testng.reporters.JUnitReportReporter -->
<testsuite hostname="LAPTOP-0C65J0UK" failures="0" tests="3" name="com.crm.qa.testcases.HomePageTest" time="57.313" errors="0" timestamp="25 Sep 2018 18:19:45 GMT" skipped="0">
  <testcase classname="com.crm.qa.testcases.HomePageTest" name="verifyHomePageTitleTest" time="17.091"/>
  <testcase classname="com.crm.qa.testcases.HomePageTest" name="verifyUserNameTest" time="22.105"/>
  <testcase classname="com.crm.qa.testcases.HomePageTest" name="verifyContactsLinkTest" time="18.117"/>
</testsuite> <!-- com.crm.qa.testcases.HomePageTest -->
